2025-07-28 12:33:59 INFO  TC03_LoginTestDDT:17 - **** Start TC03_LoginTestDDT ****
2025-07-28 12:33:59 INFO  TC03_LoginTestDDT:22 - Clicked My account Link
2025-07-28 12:34:00 INFO  TC03_LoginTestDDT:25 - Clicked Login Link
2025-07-28 12:34:00 INFO  TC03_LoginTestDDT:27 - Enter credentials
2025-07-28 12:34:01 INFO  TC03_LoginTestDDT:33 - Clicked login
2025-07-28 12:34:02 INFO  TC03_LoginTestDDT:65 - **** Finished TC03_LoginTestDDT ****
2025-07-28 12:34:02 INFO  TC03_LoginTestDDT:17 - **** Start TC03_LoginTestDDT ****
2025-07-28 12:34:02 INFO  TC03_LoginTestDDT:22 - Clicked My account Link
2025-07-28 12:34:03 INFO  TC03_LoginTestDDT:25 - Clicked Login Link
2025-07-28 12:34:03 INFO  TC03_LoginTestDDT:27 - Enter credentials
2025-07-28 12:34:04 INFO  TC03_LoginTestDDT:33 - Clicked login
2025-07-28 12:34:14 INFO  TC03_LoginTestDDT:65 - **** Finished TC03_LoginTestDDT ****
2025-07-28 12:34:14 INFO  TC03_LoginTestDDT:17 - **** Start TC03_LoginTestDDT ****
2025-07-28 12:34:14 INFO  TC03_LoginTestDDT:22 - Clicked My account Link
2025-07-28 12:34:15 INFO  TC03_LoginTestDDT:25 - Clicked Login Link
2025-07-28 12:34:15 INFO  TC03_LoginTestDDT:27 - Enter credentials
2025-07-28 12:34:16 INFO  TC03_LoginTestDDT:33 - Clicked login
2025-07-28 12:34:18 INFO  TC03_LoginTestDDT:17 - **** Start TC03_LoginTestDDT ****
2025-07-28 12:34:18 INFO  TC03_LoginTestDDT:22 - Clicked My account Link
2025-07-28 12:34:19 INFO  TC03_LoginTestDDT:25 - Clicked Login Link
2025-07-28 12:34:19 INFO  TC03_LoginTestDDT:27 - Enter credentials
2025-07-28 12:34:20 INFO  TC03_LoginTestDDT:33 - Clicked login
2025-07-28 12:34:30 INFO  TC03_LoginTestDDT:65 - **** Finished TC03_LoginTestDDT ****
2025-07-28 12:35:31 INFO  TC03_LoginTestDDT:17 - **** Start TC03_LoginTestDDT ****
2025-07-28 12:35:32 INFO  TC03_LoginTestDDT:22 - Clicked My account Link
2025-07-28 12:35:32 INFO  TC03_LoginTestDDT:25 - Clicked Login Link
2025-07-28 12:35:32 INFO  TC03_LoginTestDDT:27 - Enter credentials
2025-07-28 12:35:34 INFO  TC03_LoginTestDDT:33 - Clicked login
2025-07-28 12:35:34 INFO  TC03_LoginTestDDT:65 - **** Finished TC03_LoginTestDDT ****
2025-07-28 12:35:34 INFO  TC03_LoginTestDDT:17 - **** Start TC03_LoginTestDDT ****
2025-07-28 12:35:35 INFO  TC03_LoginTestDDT:22 - Clicked My account Link
2025-07-28 12:35:35 INFO  TC03_LoginTestDDT:25 - Clicked Login Link
2025-07-28 12:35:35 INFO  TC03_LoginTestDDT:27 - Enter credentials
2025-07-28 12:35:37 INFO  TC03_LoginTestDDT:33 - Clicked login
2025-07-28 12:35:47 INFO  TC03_LoginTestDDT:65 - **** Finished TC03_LoginTestDDT ****
2025-07-28 12:35:47 INFO  TC03_LoginTestDDT:17 - **** Start TC03_LoginTestDDT ****
2025-07-28 12:35:47 INFO  TC03_LoginTestDDT:22 - Clicked My account Link
2025-07-28 12:35:47 INFO  TC03_LoginTestDDT:25 - Clicked Login Link
2025-07-28 12:35:47 INFO  TC03_LoginTestDDT:27 - Enter credentials
2025-07-28 12:35:49 INFO  TC03_LoginTestDDT:33 - Clicked login
2025-07-28 12:35:50 INFO  TC03_LoginTestDDT:17 - **** Start TC03_LoginTestDDT ****
2025-07-28 12:35:50 INFO  TC03_LoginTestDDT:22 - Clicked My account Link
2025-07-28 12:35:51 INFO  TC03_LoginTestDDT:25 - Clicked Login Link
2025-07-28 12:35:51 INFO  TC03_LoginTestDDT:27 - Enter credentials
2025-07-28 12:35:53 INFO  TC03_LoginTestDDT:33 - Clicked login
2025-07-28 12:36:03 INFO  TC03_LoginTestDDT:65 - **** Finished TC03_LoginTestDDT ****
